This is pdfTeX, Version 3.141592653-2.6-1.40.27 (TeX Live 2026/dev/Arch Linux) (preloaded format=pdflatex 2025.12.15)  2 MAR 2026 15:57
entering extended mode
 restricted \write18 enabled.
 file:line:error style messages enabled.
 %&-line parsing enabled.
**/home/saintsaens/Documents/ML-team/LaTeX/Tesis/PresTesis
(/home/saintsaens/Documents/ML-team/LaTeX/Tesis/PresTesis.tex
LaTeX2e <2024-11-01> patch level 2
L3 programming layer <2025-01-18>
(/usr/share/texmf-dist/tex/latex/beamer/beamer.cls
Document Class: beamer 2025/02/04 v3.72 A class for typesetting presentations
(/usr/share/texmf-dist/tex/latex/beamer/beamerbasemodes.sty (/usr/share/texmf-dist/tex/latex/etoolbox/etoolbox.sty
Package: etoolbox 2025/02/11 v2.5l e-TeX tools for LaTeX (JAW)
\etb@tempcnta=\count196
)
\beamer@tempbox=\box52
\beamer@tempcount=\count197
\c@beamerpauses=\count198
 (/usr/share/texmf-dist/tex/latex/beamer/beamerbasedecode.sty
\beamer@slideinframe=\count199
\beamer@minimum=\count266
\beamer@decode@box=\box53
)
\beamer@commentbox=\box54
\beamer@modecount=\count267
) (/usr/share/texmf-dist/tex/generic/iftex/iftex.sty
Package: iftex 2024/12/12 v1.0g TeX engine tests
)
\headdp=\dimen141
\footheight=\dimen142
\sidebarheight=\dimen143
\beamer@tempdim=\dimen144
\beamer@finalheight=\dimen145
\beamer@animht=\dimen146
\beamer@animdp=\dimen147
\beamer@animwd=\dimen148
\beamer@leftmargin=\dimen149
\beamer@rightmargin=\dimen150
\beamer@leftsidebar=\dimen151
\beamer@rightsidebar=\dimen152
\beamer@boxsize=\dimen153
\beamer@vboxoffset=\dimen154
\beamer@descdefault=\dimen155
\beamer@descriptionwidth=\dimen156
\beamer@lastskip=\skip49
\beamer@areabox=\box55
\beamer@animcurrent=\box56
\beamer@animshowbox=\box57
\beamer@sectionbox=\box58
\beamer@logobox=\box59
\beamer@linebox=\box60
\beamer@sectioncount=\count268
\beamer@subsubsectionmax=\count269
\beamer@subsectionmax=\count270
\beamer@sectionmax=\count271
\beamer@totalheads=\count272
\beamer@headcounter=\count273
\beamer@partstartpage=\count274
\beamer@sectionstartpage=\count275
\beamer@subsectionstartpage=\count276
\beamer@animationtempa=\count277
\beamer@animationtempb=\count278
\beamer@xpos=\count279
\beamer@ypos=\count280
\beamer@ypos@offset=\count281
\beamer@showpartnumber=\count282
\beamer@currentsubsection=\count283
\beamer@coveringdepth=\count284
\beamer@sectionadjust=\count285
\beamer@toclastsection=\count286
\beamer@tocsectionnumber=\count287
 (/usr/share/texmf-dist/tex/latex/beamer/beamerbaseoptions.sty (/usr/share/texmf-dist/tex/latex/graphics/keyval.sty
Package: keyval 2022/05/29 v1.15 key=value parser (DPC)
\KV@toks@=\toks17
))
\beamer@paperwidth=\skip50
\beamer@paperheight=\skip51
 (/usr/share/texmf-dist/tex/latex/geometry/geometry.sty
Package: geometry 2020/01/02 v5.9 Page Geometry
 (/usr/share/texmf-dist/tex/generic/iftex/ifvtex.sty
Package: ifvtex 2019/10/25 v1.7 ifvtex legacy package. Use iftex instead.
)
\Gm@cnth=\count288
\Gm@cntv=\count289
\c@Gm@tempcnt=\count290
\Gm@bindingoffset=\dimen157
\Gm@wd@mp=\dimen158
\Gm@odd@mp=\dimen159
\Gm@even@mp=\dimen160
\Gm@layoutwidth=\dimen161
\Gm@layoutheight=\dimen162
\Gm@layouthoffset=\dimen163
\Gm@layoutvoffset=\dimen164
\Gm@dimlist=\toks18
) (/usr/share/texmf-dist/tex/latex/pgf/math/pgfmath.sty (/usr/share/texmf-dist/tex/latex/pgf/utilities/pgfrcs.sty (/usr/share/texmf-dist/tex/generic/pgf/utilities/pgfutil-common.tex
\pgfutil@everybye=\toks19
\pgfutil@tempdima=\dimen165
\pgfutil@tempdimb=\dimen166
) (/usr/share/texmf-dist/tex/generic/pgf/utilities/pgfutil-latex.def
\pgfutil@abb=\box61
) (/usr/share/texmf-dist/tex/generic/pgf/utilities/pgfrcs.code.tex (/usr/share/texmf-dist/tex/generic/pgf/pgf.revision.tex)
Package: pgfrcs 2023-01-15 v3.1.10 (3.1.10)
)) (/usr/share/texmf-dist/tex/latex/pgf/utilities/pgfkeys.sty (/usr/share/texmf-dist/tex/generic/pgf/utilities/pgfkeys.code.tex
\pgfkeys@pathtoks=\toks20
\pgfkeys@temptoks=\toks21
 (/usr/share/texmf-dist/tex/generic/pgf/utilities/pgfkeyslibraryfiltered.code.tex
\pgfkeys@tmptoks=\toks22
))) (/usr/share/texmf-dist/tex/generic/pgf/math/pgfmath.code.tex (/usr/share/texmf-dist/tex/generic/pgf/math/pgfmathutil.code.tex
\pgf@x=\dimen167
\pgf@xa=\dimen168
\pgf@xb=\dimen169
\pgf@xc=\dimen170
\pgf@y=\dimen171
\pgf@ya=\dimen172
\pgf@yb=\dimen173
\pgf@yc=\dimen174
\c@pgf@counta=\count291
\c@pgf@countb=\count292
\c@pgf@countc=\count293
\c@pgf@countd=\count294
) (/usr/share/texmf-dist/tex/generic/pgf/math/pgfmathparser.code.tex
\pgfmath@dimen=\dimen175
\pgfmath@count=\count295
\pgfmath@box=\box62
\pgfmath@toks=\toks23
\pgfmath@stack@operand=\toks24
\pgfmath@stack@operation=\toks25
) (/usr/share/texmf-dist/tex/generic/pgf/math/pgfmathfunctions.code.tex) (/usr/share/texmf-dist/tex/generic/pgf/math/pgfmathfunctions.basic.code.tex) (/usr/share/texmf-dist/tex/generic/pgf/math/pgfmathfunctions.trigonometric.code.tex) (/usr/share/texmf-dist/tex/generic/pgf/math/pgfmathfunctions.random.code.tex) (/usr/share/texmf-dist/tex/generic/pgf/math/pgfmathfunctions.comparison.code.tex) (/usr/share/texmf-dist/tex/generic/pgf/math/pgfmathfunctions.base.code.tex) (/usr/share/texmf-dist/tex/generic/pgf/math/pgfmathfunctions.round.code.tex) (/usr/share/texmf-dist/tex/generic/pgf/math/pgfmathfunctions.misc.code.tex) (/usr/share/texmf-dist/tex/generic/pgf/math/pgfmathfunctions.integerarithmetics.code.tex) (/usr/share/texmf-dist/tex/generic/pgf/math/pgfmathcalc.code.tex) (/usr/share/texmf-dist/tex/generic/pgf/math/pgfmathfloat.code.tex
\c@pgfmathroundto@lastzeros=\count296
))) (/usr/share/texmf-dist/tex/latex/base/size11.clo
File: size11.clo 2024/06/29 v1.4n Standard LaTeX file (size option)
) (/usr/share/texmf-dist/tex/latex/pgf/basiclayer/pgfcore.sty (/usr/share/texmf-dist/tex/latex/graphics/graphicx.sty
Package: graphicx 2021/09/16 v1.2d Enhanced LaTeX Graphics (DPC,SPQR)
 (/usr/share/texmf-dist/tex/latex/graphics/graphics.sty
Package: graphics 2024/08/06 v1.4g Standard LaTeX Graphics (DPC,SPQR)
 (/usr/share/texmf-dist/tex/latex/graphics/trig.sty
Package: trig 2023/12/02 v1.11 sin cos tan (DPC)
) (/usr/share/texmf-dist/tex/latex/graphics-cfg/graphics.cfg
File: graphics.cfg 2016/06/04 v1.11 sample graphics configuration
)
Package graphics Info: Driver file: pdftex.def on input line 106.
 (/usr/share/texmf-dist/tex/latex/graphics-def/pdftex.def
File: pdftex.def 2024/04/13 v1.2c Graphics/color driver for pdftex
))
\Gin@req@height=\dimen176
\Gin@req@width=\dimen177
) (/usr/share/texmf-dist/tex/latex/pgf/systemlayer/pgfsys.sty (/usr/share/texmf-dist/tex/generic/pgf/systemlayer/pgfsys.code.tex
Package: pgfsys 2023-01-15 v3.1.10 (3.1.10)
\pgf@x=\dimen178
\pgf@y=\dimen179
\pgf@xa=\dimen180
\pgf@ya=\dimen181
\pgf@xb=\dimen182
\pgf@yb=\dimen183
\pgf@xc=\dimen184
\pgf@yc=\dimen185
\pgf@xd=\dimen186
\pgf@yd=\dimen187
\w@pgf@writea=\write3
\r@pgf@reada=\read2
\c@pgf@counta=\count297
\c@pgf@countb=\count298
\c@pgf@countc=\count299
\c@pgf@countd=\count300
\t@pgf@toka=\toks26
\t@pgf@tokb=\toks27
\t@pgf@tokc=\toks28
\pgf@sys@id@count=\count301
 (/usr/share/texmf-dist/tex/generic/pgf/systemlayer/pgf.cfg
File: pgf.cfg 2023-01-15 v3.1.10 (3.1.10)
)
Driver file for pgf: pgfsys-pdftex.def
 (/usr/share/texmf-dist/tex/generic/pgf/systemlayer/pgfsys-pdftex.def
File: pgfsys-pdftex.def 2023-01-15 v3.1.10 (3.1.10)
 (/usr/share/texmf-dist/tex/generic/pgf/systemlayer/pgfsys-common-pdf.def
File: pgfsys-common-pdf.def 2023-01-15 v3.1.10 (3.1.10)
))) (/usr/share/texmf-dist/tex/generic/pgf/systemlayer/pgfsyssoftpath.code.tex
File: pgfsyssoftpath.code.tex 2023-01-15 v3.1.10 (3.1.10)
\pgfsyssoftpath@smallbuffer@items=\count302
\pgfsyssoftpath@bigbuffer@items=\count303
) (/usr/share/texmf-dist/tex/generic/pgf/systemlayer/pgfsysprotocol.code.tex
File: pgfsysprotocol.code.tex 2023-01-15 v3.1.10 (3.1.10)
)) (/usr/share/texmf-dist/tex/latex/xcolor/xcolor.sty
Package: xcolor 2024/09/29 v3.02 LaTeX color extensions (UK)
 (/usr/share/texmf-dist/tex/latex/graphics-cfg/color.cfg
File: color.cfg 2016/01/02 v1.6 sample color configuration
)
Package xcolor Info: Driver file: pdftex.def on input line 274.
 (/usr/share/texmf-dist/tex/latex/graphics/mathcolor.ltx)
Package xcolor Info: Model `cmy' substituted by `cmy0' on input line 1349.
Package xcolor Info: Model `hsb' substituted by `rgb' on input line 1353.
Package xcolor Info: Model `RGB' extended on input line 1365.
Package xcolor Info: Model `HTML' substituted by `rgb' on input line 1367.
Package xcolor Info: Model `Hsb' substituted by `hsb' on input line 1368.
Package xcolor Info: Model `tHsb' substituted by `hsb' on input line 1369.
Package xcolor Info: Model `HSB' substituted by `hsb' on input line 1370.
Package xcolor Info: Model `Gray' substituted by `gray' on input line 1371.
Package xcolor Info: Model `wave' substituted by `hsb' on input line 1372.
) (/usr/share/texmf-dist/tex/generic/pgf/basiclayer/pgfcore.code.tex
Package: pgfcore 2023-01-15 v3.1.10 (3.1.10)
 (/usr/share/texmf-dist/tex/generic/pgf/math/pgfint.code.tex) (/usr/share/texmf-dist/tex/generic/pgf/basiclayer/pgfcorepoints.code.tex
File: pgfcorepoints.code.tex 2023-01-15 v3.1.10 (3.1.10)
\pgf@picminx=\dimen188
\pgf@picmaxx=\dimen189
\pgf@picminy=\dimen190
\pgf@picmaxy=\dimen191
\pgf@pathminx=\dimen192
\pgf@pathmaxx=\dimen193
\pgf@pathminy=\dimen194
\pgf@pathmaxy=\dimen195
\pgf@xx=\dimen196
\pgf@xy=\dimen197
\pgf@yx=\dimen198
\pgf@yy=\dimen199
\pgf@zx=\dimen256
\pgf@zy=\dimen257
) (/usr/share/texmf-dist/tex/generic/pgf/basiclayer/pgfcorepathconstruct.code.tex
File: pgfcorepathconstruct.code.tex 2023-01-15 v3.1.10 (3.1.10)
\pgf@path@lastx=\dimen258
\pgf@path@lasty=\dimen259
) (/usr/share/texmf-dist/tex/generic/pgf/basiclayer/pgfcorepathusage.code.tex
File: pgfcorepathusage.code.tex 2023-01-15 v3.1.10 (3.1.10)
\pgf@shorten@end@additional=\dimen260
\pgf@shorten@start@additional=\dimen261
) (/usr/share/texmf-dist/tex/generic/pgf/basiclayer/pgfcorescopes.code.tex
File: pgfcorescopes.code.tex 2023-01-15 v3.1.10 (3.1.10)
\pgfpic=\box63
\pgf@hbox=\box64
\pgf@layerbox@main=\box65
\pgf@picture@serial@count=\count304
) (/usr/share/texmf-dist/tex/generic/pgf/basiclayer/pgfcoregraphicstate.code.tex
File: pgfcoregraphicstate.code.tex 2023-01-15 v3.1.10 (3.1.10)
\pgflinewidth=\dimen262
) (/usr/share/texmf-dist/tex/generic/pgf/basiclayer/pgfcoretransformations.code.tex
File: pgfcoretransformations.code.tex 2023-01-15 v3.1.10 (3.1.10)
\pgf@pt@x=\dimen263
\pgf@pt@y=\dimen264
\pgf@pt@temp=\dimen265
) (/usr/share/texmf-dist/tex/generic/pgf/basiclayer/pgfcorequick.code.tex
File: pgfcorequick.code.tex 2023-01-15 v3.1.10 (3.1.10)
) (/usr/share/texmf-dist/tex/generic/pgf/basiclayer/pgfcoreobjects.code.tex
File: pgfcoreobjects.code.tex 2023-01-15 v3.1.10 (3.1.10)
) (/usr/share/texmf-dist/tex/generic/pgf/basiclayer/pgfcorepathprocessing.code.tex
File: pgfcorepathprocessing.code.tex 2023-01-15 v3.1.10 (3.1.10)
) (/usr/share/texmf-dist/tex/generic/pgf/basiclayer/pgfcorearrows.code.tex
File: pgfcorearrows.code.tex 2023-01-15 v3.1.10 (3.1.10)
\pgfarrowsep=\dimen266
) (/usr/share/texmf-dist/tex/generic/pgf/basiclayer/pgfcoreshade.code.tex
File: pgfcoreshade.code.tex 2023-01-15 v3.1.10 (3.1.10)
\pgf@max=\dimen267
\pgf@sys@shading@range@num=\count305
\pgf@shadingcount=\count306
) (/usr/share/texmf-dist/tex/generic/pgf/basiclayer/pgfcoreimage.code.tex
File: pgfcoreimage.code.tex 2023-01-15 v3.1.10 (3.1.10)
) (/usr/share/texmf-dist/tex/generic/pgf/basiclayer/pgfcoreexternal.code.tex
File: pgfcoreexternal.code.tex 2023-01-15 v3.1.10 (3.1.10)
\pgfexternal@startupbox=\box66
) (/usr/share/texmf-dist/tex/generic/pgf/basiclayer/pgfcorelayers.code.tex
File: pgfcorelayers.code.tex 2023-01-15 v3.1.10 (3.1.10)
) (/usr/share/texmf-dist/tex/generic/pgf/basiclayer/pgfcoretransparency.code.tex
File: pgfcoretransparency.code.tex 2023-01-15 v3.1.10 (3.1.10)
) (/usr/share/texmf-dist/tex/generic/pgf/basiclayer/pgfcorepatterns.code.tex
File: pgfcorepatterns.code.tex 2023-01-15 v3.1.10 (3.1.10)
) (/usr/share/texmf-dist/tex/generic/pgf/basiclayer/pgfcorerdf.code.tex
File: pgfcorerdf.code.tex 2023-01-15 v3.1.10 (3.1.10)
))) (/usr/share/texmf-dist/tex/latex/pgf/utilities/xxcolor.sty
Package: xxcolor 2003/10/24 ver 0.1
\XC@nummixins=\count307
\XC@countmixins=\count308
) (/usr/share/texmf-dist/tex/latex/base/atbegshi-ltx.sty
Package: atbegshi-ltx 2021/01/10 v1.0c Emulation of the original atbegshi
package with kernel methods
) (/usr/share/texmf-dist/tex/latex/hyperref/hyperref.sty
Package: hyperref 2024-11-05 v7.01l Hypertext links for LaTeX
 (/usr/share/texmf-dist/tex/latex/kvsetkeys/kvsetkeys.sty
Package: kvsetkeys 2022-10-05 v1.19 Key value parser (HO)
) (/usr/share/texmf-dist/tex/generic/kvdefinekeys/kvdefinekeys.sty
Package: kvdefinekeys 2019-12-19 v1.6 Define keys (HO)
) (/usr/share/texmf-dist/tex/generic/pdfescape/pdfescape.sty
Package: pdfescape 2019/12/09 v1.15 Implements pdfTeX's escape features (HO)
 (/usr/share/texmf-dist/tex/generic/ltxcmds/ltxcmds.sty
Package: ltxcmds 2023-12-04 v1.26 LaTeX kernel commands for general use (HO)
) (/usr/share/texmf-dist/tex/generic/pdftexcmds/pdftexcmds.sty
Package: pdftexcmds 2020-06-27 v0.33 Utility functions of pdfTeX for LuaTeX (HO)
 (/usr/share/texmf-dist/tex/generic/infwarerr/infwarerr.sty
Package: infwarerr 2019/12/03 v1.5 Providing info/warning/error messages (HO)
)
Package pdftexcmds Info: \pdf@primitive is available.
Package pdftexcmds Info: \pdf@ifprimitive is available.
Package pdftexcmds Info: \pdfdraftmode found.
)) (/usr/share/texmf-dist/tex/latex/hycolor/hycolor.sty
Package: hycolor 2020-01-27 v1.10 Color options for hyperref/bookmark (HO)
) (/usr/share/texmf-dist/tex/latex/hyperref/nameref.sty
Package: nameref 2023-11-26 v2.56 Cross-referencing by name of section
 (/usr/share/texmf-dist/tex/latex/refcount/refcount.sty
Package: refcount 2019/12/15 v3.6 Data extraction from label references (HO)
) (/usr/share/texmf-dist/tex/generic/gettitlestring/gettitlestring.sty
Package: gettitlestring 2019/12/15 v1.6 Cleanup title references (HO)
 (/usr/share/texmf-dist/tex/latex/kvoptions/kvoptions.sty
Package: kvoptions 2022-06-15 v3.15 Key value format for package options (HO)
))
\c@section@level=\count309
) (/usr/share/texmf-dist/tex/generic/stringenc/stringenc.sty
Package: stringenc 2019/11/29 v1.12 Convert strings between diff. encodings (HO)
)
\@linkdim=\dimen268
\Hy@linkcounter=\count310
\Hy@pagecounter=\count311
 (/usr/share/texmf-dist/tex/latex/hyperref/pd1enc.def
File: pd1enc.def 2024-11-05 v7.01l Hyperref: PDFDocEncoding definition (HO)
Now handling font encoding PD1 ...
... no UTF-8 mapping file for font encoding PD1
) (/usr/share/texmf-dist/tex/generic/intcalc/intcalc.sty
Package: intcalc 2019/12/15 v1.3 Expandable calculations with integers (HO)
)
\Hy@SavedSpaceFactor=\count312
 (/usr/share/texmf-dist/tex/latex/hyperref/puenc.def
File: puenc.def 2024-11-05 v7.01l Hyperref: PDF Unicode definition (HO)
Now handling font encoding PU ...
... no UTF-8 mapping file for font encoding PU
)
Package hyperref Info: Option `bookmarks' set `true' on input line 4040.
Package hyperref Info: Option `bookmarksopen' set `true' on input line 4040.
Package hyperref Info: Option `implicit' set `false' on input line 4040.
Package hyperref Info: Hyper figures OFF on input line 4157.
Package hyperref Info: Link nesting OFF on input line 4162.
Package hyperref Info: Hyper index ON on input line 4165.
Package hyperref Info: Plain pages OFF on input line 4172.
Package hyperref Info: Backreferencing OFF on input line 4177.
Package hyperref Info: Implicit mode OFF; no redefinition of LaTeX internals.
Package hyperref Info: Bookmarks ON on input line 4424.
\c@Hy@tempcnt=\count313
 (/usr/share/texmf-dist/tex/latex/url/url.sty
\Urlmuskip=\muskip17
Package: url 2013/09/16  ver 3.4  Verb mode for urls, etc.
)
LaTeX Info: Redefining \url on input line 4763.
\XeTeXLinkMargin=\dimen269
 (/usr/share/texmf-dist/tex/generic/bitset/bitset.sty
Package: bitset 2019/12/09 v1.3 Handle bit-vector datatype (HO)
 (/usr/share/texmf-dist/tex/generic/bigintcalc/bigintcalc.sty
Package: bigintcalc 2019/12/15 v1.5 Expandable calculations on big integers (HO)
))
\Fld@menulength=\count314
\Field@Width=\dimen270
\Fld@charsize=\dimen271
Package hyperref Info: Hyper figures OFF on input line 6042.
Package hyperref Info: Link nesting OFF on input line 6047.
Package hyperref Info: Hyper index ON on input line 6050.
Package hyperref Info: backreferencing OFF on input line 6057.
Package hyperref Info: Link coloring OFF on input line 6062.
Package hyperref Info: Link coloring with OCG OFF on input line 6067.
Package hyperref Info: PDF/A mode OFF on input line 6072.
\Hy@abspage=\count315


Package hyperref Message: Stopped early.

)
Package hyperref Info: Driver (autodetected): hpdftex.
 (/usr/share/texmf-dist/tex/latex/hyperref/hpdftex.def
File: hpdftex.def 2024-11-05 v7.01l Hyperref driver for pdfTeX
 (/usr/share/texmf-dist/tex/latex/base/atveryend-ltx.sty
Package: atveryend-ltx 2020/08/19 v1.0a Emulation of the original atveryend package
with kernel methods
)
\Fld@listcount=\count316
\c@bookmark@seq@number=\count317
 (/usr/share/texmf-dist/tex/latex/rerunfilecheck/rerunfilecheck.sty
Package: rerunfilecheck 2022-07-10 v1.10 Rerun checks for auxiliary files (HO)
 (/usr/share/texmf-dist/tex/generic/uniquecounter/uniquecounter.sty
Package: uniquecounter 2019/12/15 v1.4 Provide unlimited unique counter (HO)
)
Package uniquecounter Info: New unique counter `rerunfilecheck' on input line 285.
)) (/usr/share/texmf-dist/tex/latex/beamer/beamerbaserequires.sty (/usr/share/texmf-dist/tex/latex/beamer/beamerbasecompatibility.sty) (/usr/share/texmf-dist/tex/latex/beamer/beamerbasefont.sty (/usr/share/texmf-dist/tex/latex/amsfonts/amssymb.sty
Package: amssymb 2013/01/14 v3.01 AMS font symbols
 (/usr/share/texmf-dist/tex/latex/amsfonts/amsfonts.sty
Package: amsfonts 2013/01/14 v3.01 Basic AMSFonts support
\@emptytoks=\toks29
\symAMSa=\mathgroup4
\symAMSb=\mathgroup5
LaTeX Font Info:    Redeclaring math symbol \hbar on input line 98.
LaTeX Font Info:    Overwriting math alphabet `\mathfrak' in version `bold'
(Font)                  U/euf/m/n --> U/euf/b/n on input line 106.
)) (/usr/share/texmf-dist/tex/latex/sansmathaccent/sansmathaccent.sty
Package: sansmathaccent 2020/01/31
 (/usr/share/texmf-dist/tex/latex/koma-script/scrlfile.sty
Package: scrlfile 2024/10/24 v3.43 KOMA-Script package (file load hooks)
 (/usr/share/texmf-dist/tex/latex/koma-script/scrlfile-hook.sty
Package: scrlfile-hook 2024/10/24 v3.43 KOMA-Script package (using LaTeX hooks)
 (/usr/share/texmf-dist/tex/latex/koma-script/scrlogo.sty
Package: scrlogo 2024/10/24 v3.43 KOMA-Script package (logo)
))))) (/usr/share/texmf-dist/tex/latex/beamer/beamerbasetranslator.sty (/usr/share/texmf-dist/tex/latex/translator/translator.sty
Package: translator 2021-05-31 v1.12d Easy translation of strings in LaTeX
)) (/usr/share/texmf-dist/tex/latex/beamer/beamerbasemisc.sty) (/usr/share/texmf-dist/tex/latex/beamer/beamerbasetwoscreens.sty) (/usr/share/texmf-dist/tex/latex/beamer/beamerbaseoverlay.sty
\beamer@argscount=\count318
\beamer@lastskipcover=\skip52
\beamer@trivlistdepth=\count319
) (/usr/share/texmf-dist/tex/latex/beamer/beamerbasetitle.sty) (/usr/share/texmf-dist/tex/latex/beamer/beamerbasesection.sty
\c@lecture=\count320
\c@part=\count321
\c@section=\count322
\c@subsection=\count323
\c@subsubsection=\count324
) (/usr/share/texmf-dist/tex/latex/beamer/beamerbaseframe.sty
\beamer@framebox=\box67
\beamer@frametitlebox=\box68
\beamer@zoombox=\box69
\beamer@zoomcount=\count325
\beamer@zoomframecount=\count326
\beamer@frametextheight=\dimen272
\c@subsectionslide=\count327
\beamer@frametopskip=\skip53
\beamer@framebottomskip=\skip54
\beamer@frametopskipautobreak=\skip55
\beamer@framebottomskipautobreak=\skip56
\beamer@envbody=\toks30
\framewidth=\dimen273
\c@framenumber=\count328
) (/usr/share/texmf-dist/tex/latex/beamer/beamerbaseverbatim.sty
\beamer@verbatimfileout=\write4
) (/usr/share/texmf-dist/tex/latex/beamer/beamerbaseframesize.sty
\beamer@splitbox=\box70
\beamer@autobreakcount=\count329
\beamer@autobreaklastheight=\dimen274
\beamer@frametitletoks=\toks31
\beamer@framesubtitletoks=\toks32
) (/usr/share/texmf-dist/tex/latex/beamer/beamerbaseframecomponents.sty
\beamer@footins=\box71
) (/usr/share/texmf-dist/tex/latex/beamer/beamerbasecolor.sty) (/usr/share/texmf-dist/tex/latex/beamer/beamerbasenotes.sty
\beamer@frameboxcopy=\box72
) (/usr/share/texmf-dist/tex/latex/beamer/beamerbasetoc.sty) (/usr/share/texmf-dist/tex/latex/beamer/beamerbasetemplates.sty
\beamer@sbttoks=\toks33
 (/usr/share/texmf-dist/tex/latex/beamer/beamerbaseauxtemplates.sty (/usr/share/texmf-dist/tex/latex/beamer/beamerbaseboxes.sty
\bmb@box=\box73
\bmb@colorbox=\box74
\bmb@boxwidth=\dimen275
\bmb@boxheight=\dimen276
\bmb@prevheight=\dimen277
\bmb@temp=\dimen278
\bmb@dima=\dimen279
\bmb@dimb=\dimen280
\bmb@prevheight=\dimen281
)
\beamer@blockheadheight=\dimen282
)) (/usr/share/texmf-dist/tex/latex/beamer/beamerbaselocalstructure.sty (/usr/share/texmf-dist/tex/latex/tools/enumerate.sty
Package: enumerate 2023/07/04 v3.00 enumerate extensions (DPC)
\@enLab=\toks34
)
\beamer@bibiconwidth=\skip57
\c@figure=\count330
\c@table=\count331
\abovecaptionskip=\skip58
\belowcaptionskip=\skip59
) (/usr/share/texmf-dist/tex/latex/beamer/beamerbasenavigation.sty (/usr/share/texmf-dist/tex/latex/beamer/beamerbasenavigationsymbols.tex)
\beamer@section@min@dim=\dimen283
) (/usr/share/texmf-dist/tex/latex/beamer/beamerbasetheorems.sty (/usr/share/texmf-dist/tex/latex/amsmath/amsmath.sty
Package: amsmath 2024/11/05 v2.17t AMS math features
\@mathmargin=\skip60

For additional information on amsmath, use the `?' option.
(/usr/share/texmf-dist/tex/latex/amsmath/amstext.sty
Package: amstext 2021/08/26 v2.01 AMS text
 (/usr/share/texmf-dist/tex/latex/amsmath/amsgen.sty
File: amsgen.sty 1999/11/30 v2.0 generic functions
\@emptytoks=\toks35
\ex@=\dimen284
)) (/usr/share/texmf-dist/tex/latex/amsmath/amsbsy.sty
Package: amsbsy 1999/11/29 v1.2d Bold Symbols
\pmbraise@=\dimen285
) (/usr/share/texmf-dist/tex/latex/amsmath/amsopn.sty
Package: amsopn 2022/04/08 v2.04 operator names
)
\inf@bad=\count332
LaTeX Info: Redefining \frac on input line 233.
\uproot@=\count333
\leftroot@=\count334
LaTeX Info: Redefining \overline on input line 398.
LaTeX Info: Redefining \colon on input line 409.
\classnum@=\count335
\DOTSCASE@=\count336
LaTeX Info: Redefining \ldots on input line 495.
LaTeX Info: Redefining \dots on input line 498.
LaTeX Info: Redefining \cdots on input line 619.
\Mathstrutbox@=\box75
\strutbox@=\box76
LaTeX Info: Redefining \big on input line 721.
LaTeX Info: Redefining \Big on input line 722.
LaTeX Info: Redefining \bigg on input line 723.
LaTeX Info: Redefining \Bigg on input line 724.
\big@size=\dimen286
LaTeX Font Info:    Redeclaring font encoding OML on input line 742.
LaTeX Font Info:    Redeclaring font encoding OMS on input line 743.
\macc@depth=\count337
LaTeX Info: Redefining \bmod on input line 904.
LaTeX Info: Redefining \pmod on input line 909.
LaTeX Info: Redefining \smash on input line 939.
LaTeX Info: Redefining \relbar on input line 969.
LaTeX Info: Redefining \Relbar on input line 970.
\c@MaxMatrixCols=\count338
\dotsspace@=\muskip18
\c@parentequation=\count339
\dspbrk@lvl=\count340
\tag@help=\toks36
\row@=\count341
\column@=\count342
\maxfields@=\count343
\andhelp@=\toks37
\eqnshift@=\dimen287
\alignsep@=\dimen288
\tagshift@=\dimen289
\tagwidth@=\dimen290
\totwidth@=\dimen291
\lineht@=\dimen292
\@envbody=\toks38
\multlinegap=\skip61
\multlinetaggap=\skip62
\mathdisplay@stack=\toks39
LaTeX Info: Redefining \[ on input line 2953.
LaTeX Info: Redefining \] on input line 2954.
) (/usr/share/texmf-dist/tex/latex/amscls/amsthm.sty
Package: amsthm 2020/05/29 v2.20.6
\thm@style=\toks40
\thm@bodyfont=\toks41
\thm@headfont=\toks42
\thm@notefont=\toks43
\thm@headpunct=\toks44
\thm@preskip=\skip63
\thm@postskip=\skip64
\thm@headsep=\skip65
\dth@everypar=\toks45
)
\c@theorem=\count344
) (/usr/share/texmf-dist/tex/latex/beamer/beamerbasethemes.sty)) (/usr/share/texmf-dist/tex/latex/beamer/beamerthemedefault.sty (/usr/share/texmf-dist/tex/latex/beamer/beamerfontthemedefault.sty) (/usr/share/texmf-dist/tex/latex/beamer/beamercolorthemedefault.sty) (/usr/share/texmf-dist/tex/latex/beamer/beamerinnerthemedefault.sty
\beamer@dima=\dimen293
\beamer@dimb=\dimen294
) (/usr/share/texmf-dist/tex/latex/beamer/beamerouterthemedefault.sty))) (/usr/share/texmf-dist/tex/latex/animate/animate.sty
Package: animate 2024/10/14 PDF & SVG animations from files and inline graphics
 (/usr/share/texmf-dist/tex/latex/base/ifthen.sty
Package: ifthen 2024/03/16 v1.1e Standard LaTeX ifthen package (DPC)
) (/usr/share/texmf-dist/tex/latex/oberdiek/ifdraft.sty
Package: ifdraft 2016/05/16 v1.4 Detect class options draft and final (HO)
) (/usr/share/texmf-dist/tex/latex/tools/calc.sty
Package: calc 2023/07/08 v4.3 Infix arithmetic (KKT,FJ)
\calc@Acount=\count345
\calc@Bcount=\count346
\calc@Adimen=\dimen295
\calc@Bdimen=\dimen296
\calc@Askip=\skip66
\calc@Bskip=\skip67
LaTeX Info: Redefining \setlength on input line 80.
LaTeX Info: Redefining \addtolength on input line 81.
\calc@Ccount=\count347
\calc@Cskip=\skip68
) (/usr/share/texmf-dist/tex/latex/media9/pdfbase.sty
Package: pdfbase 2024/09/16 v0.59 driver independent access to low-level PDF features
 (/usr/share/texmf-dist/tex/latex/l3backend/l3backend-pdftex.def
File: l3backend-pdftex.def 2024-05-08 L3 backend support: PDF output (pdfTeX)
\l__color_backend_stack_int=\count348
\l__pdf_internal_box=\box77
)
\g_pbs_page_int=\count349
\g_pbs_oc_int=\count350
) (/usr/share/texmf-dist/tex/latex/zref/zref-abspage.sty
Package: zref-abspage 2023-09-14 v2.35 Module abspage for zref (HO)
 (/usr/share/texmf-dist/tex/latex/zref/zref-base.sty
Package: zref-base 2023-09-14 v2.35 Module base for zref (HO)
 (/usr/share/texmf-dist/tex/generic/etexcmds/etexcmds.sty
Package: etexcmds 2019/12/15 v1.7 Avoid name clashes with e-TeX commands (HO)
) (/usr/share/texmf-dist/tex/latex/auxhook/auxhook.sty
Package: auxhook 2019-12-17 v1.6 Hooks for auxiliary files (HO)
)
Package zref Info: New property list: main on input line 767.
Package zref Info: New property: default on input line 768.
Package zref Info: New property: page on input line 769.
)
\c@abspage=\count351
Package zref Info: New property: abspage on input line 67.
) (/usr/share/texmf-dist/tex/latex/ocgx2/ocgbase.sty
Package: ocgbase 2024/09/15 v0.24 support package for ocgx2.sty
)
\@anim@box=\box78
\@anim@measbox=\box79
\@anim@tmpdima=\dimen297
\@anim@tmpdimb=\dimen298
\@anim@num=\count352
\@anim@curframe=\count353
\@anim@curframe@zb=\count354
\@anim@resizeflags=\count355
\@anim@skipfram=\count356
\@anim@mulframecnt=\count357
\@anim@@tmlnfile=\read3
\@anim@tmpcnt=\count358
\c@@anim@ltxcnt=\count359
\@anim@curlayer=\count360
\@anim@lineno=\count361
\@anim@curfield=\count362
\@anim@@resizeflags=\count363
) (/usr/share/texmf-dist/tex/latex/base/fontenc.sty
Package: fontenc 2021/04/29 v2.0v Standard LaTeX package
) (/usr/share/texmf-dist/tex/latex/beamer/beamerfontthemeserif.sty) (/usr/share/texmf-dist/tex/generic/babel/babel.sty
Package: babel 2025/02/14 v25.4 The multilingual framework for pdfLaTeX, LuaLaTeX and XeLaTeX
\babel@savecnt=\count364
\U@D=\dimen299
\l@unhyphenated=\language3
 (/usr/share/texmf-dist/tex/generic/babel/txtbabel.def)
\bbl@readstream=\read4
LaTeX Info: Redefining \textlatin on input line 3835.
\bbl@dirlevel=\count365
 (/usr/share/texmf-dist/tex/generic/babel/locale/es/babel-spanish.tex)
Package babel Info: Importing data for spanish
(babel)             from babel-es.ini. Reported on input line 4167.
Package babel Info: Hyphen rules for 'spanish' set to \l@english
(babel)             (\language0). Reported on input line 4167.
) (/usr/share/texmf-dist/tex/latex/apacite/apacite.sty
Package: apacite 2013/07/21 v6.03 APA citation
\c@BibCnt=\count366
\bibleftmargin=\skip69
\bibindent=\skip70
\bibparsep=\skip71
\bibitemsep=\skip72
\biblabelsep=\skip73
) (/usr/share/texmf-dist/tex/latex/base/latexsym.sty
Package: latexsym 1998/08/17 v2.2e Standard LaTeX package (lasy symbols)
\symlasy=\mathgroup6
LaTeX Font Info:    Overwriting symbol font `lasy' in version `bold'
(Font)                  U/lasy/m/n --> U/lasy/b/n on input line 52.
) (/usr/share/texmf-dist/tex/latex/tools/multicol.sty
Package: multicol 2024/09/14 v1.9i multicolumn formatting (FMi)
\c@tracingmulticols=\count367
\mult@box=\box80
\multicol@leftmargin=\dimen300
\c@unbalance=\count368
\c@collectmore=\count369
\doublecol@number=\count370
\multicoltolerance=\count371
\multicolpretolerance=\count372
\full@width=\dimen301
\page@free=\dimen302
\premulticols=\dimen303
\postmulticols=\dimen304
\multicolsep=\skip74
\multicolbaselineskip=\skip75
\partial@page=\box81
\last@line=\box82
\mc@boxedresult=\box83
\maxbalancingoverflow=\dimen305
\mult@rightbox=\box84
\mult@grightbox=\box85
\mult@firstbox=\box86
\mult@gfirstbox=\box87
\@tempa=\box88
\@tempa=\box89
\@tempa=\box90
\@tempa=\box91
\@tempa=\box92
\@tempa=\box93
\@tempa=\box94
\@tempa=\box95
\@tempa=\box96
\@tempa=\box97
\@tempa=\box98
\@tempa=\box99
\@tempa=\box100
\@tempa=\box101
\@tempa=\box102
\@tempa=\box103
\@tempa=\box104
\@tempa=\box105
\@tempa=\box106
\@tempa=\box107
\@tempa=\box108
\@tempa=\box109
\@tempa=\box110
\@tempa=\box111
\@tempa=\box112
\@tempa=\box113
\@tempa=\box114
\@tempa=\box115
\@tempa=\box116
\@tempa=\box117
\@tempa=\box118
\@tempa=\box119
\@tempa=\box120
\@tempa=\box121
\@tempa=\box122
\@tempa=\box123
\c@minrows=\count373
\c@columnbadness=\count374
\c@finalcolumnbadness=\count375
\last@try=\dimen306
\multicolovershoot=\dimen307
\multicolundershoot=\dimen308
\mult@nat@firstbox=\box124
\colbreak@box=\box125
\mc@col@check@num=\count376
) (/usr/share/texmf-dist/tex/latex/booktabs/booktabs.sty
Package: booktabs 2020/01/12 v1.61803398 Publication quality tables
\heavyrulewidth=\dimen309
\lightrulewidth=\dimen310
\cmidrulewidth=\dimen311
\belowrulesep=\dimen312
\belowbottomsep=\dimen313
\aboverulesep=\dimen314
\abovetopsep=\dimen315
\cmidrulesep=\dimen316
\cmidrulekern=\dimen317
\defaultaddspace=\dimen318
\@cmidla=\count377
\@cmidlb=\count378
\@aboverulesep=\dimen319
\@belowrulesep=\dimen320
\@thisruleclass=\count379
\@lastruleclass=\count380
\@thisrulewidth=\dimen321
) (/usr/share/texmf-dist/tex/latex/fundus-calligra/calligra.sty
Package: calligra 2012/04/10 v1.9 LaTeX package calligra
) (/usr/share/texmf-dist/tex/latex/tcolorbox/tcolorbox.sty
Package: tcolorbox 2024/10/22 version 6.4.1 text color boxes
 (/usr/share/texmf-dist/tex/latex/pgf/frontendlayer/tikz.sty (/usr/share/texmf-dist/tex/latex/pgf/basiclayer/pgf.sty
Package: pgf 2023-01-15 v3.1.10 (3.1.10)
 (/usr/share/texmf-dist/tex/generic/pgf/modules/pgfmoduleshapes.code.tex
File: pgfmoduleshapes.code.tex 2023-01-15 v3.1.10 (3.1.10)
\pgfnodeparttextbox=\box126
) (/usr/share/texmf-dist/tex/generic/pgf/modules/pgfmoduleplot.code.tex
File: pgfmoduleplot.code.tex 2023-01-15 v3.1.10 (3.1.10)
) (/usr/share/texmf-dist/tex/latex/pgf/compatibility/pgfcomp-version-0-65.sty
Package: pgfcomp-version-0-65 2023-01-15 v3.1.10 (3.1.10)
\pgf@nodesepstart=\dimen322
\pgf@nodesepend=\dimen323
) (/usr/share/texmf-dist/tex/latex/pgf/compatibility/pgfcomp-version-1-18.sty
Package: pgfcomp-version-1-18 2023-01-15 v3.1.10 (3.1.10)
)) (/usr/share/texmf-dist/tex/latex/pgf/utilities/pgffor.sty (/usr/share/texmf-dist/tex/generic/pgf/utilities/pgffor.code.tex
Package: pgffor 2023-01-15 v3.1.10 (3.1.10)
\pgffor@iter=\dimen324
\pgffor@skip=\dimen325
\pgffor@stack=\toks46
\pgffor@toks=\toks47
)) (/usr/share/texmf-dist/tex/generic/pgf/frontendlayer/tikz/tikz.code.tex
Package: tikz 2023-01-15 v3.1.10 (3.1.10)
 (/usr/share/texmf-dist/tex/generic/pgf/libraries/pgflibraryplothandlers.code.tex
File: pgflibraryplothandlers.code.tex 2023-01-15 v3.1.10 (3.1.10)
\pgf@plot@mark@count=\count381
\pgfplotmarksize=\dimen326
)
\tikz@lastx=\dimen327
\tikz@lasty=\dimen328
\tikz@lastxsaved=\dimen329
\tikz@lastysaved=\dimen330
\tikz@lastmovetox=\dimen331
\tikz@lastmovetoy=\dimen332
\tikzleveldistance=\dimen333
\tikzsiblingdistance=\dimen334
\tikz@figbox=\box127
\tikz@figbox@bg=\box128
\tikz@tempbox=\box129
\tikz@tempbox@bg=\box130
\tikztreelevel=\count382
\tikznumberofchildren=\count383
\tikznumberofcurrentchild=\count384
\tikz@fig@count=\count385
 (/usr/share/texmf-dist/tex/generic/pgf/modules/pgfmodulematrix.code.tex
File: pgfmodulematrix.code.tex 2023-01-15 v3.1.10 (3.1.10)
\pgfmatrixcurrentrow=\count386
\pgfmatrixcurrentcolumn=\count387
\pgf@matrix@numberofcolumns=\count388
)
\tikz@expandcount=\count389
 (/usr/share/texmf-dist/tex/generic/pgf/frontendlayer/tikz/libraries/tikzlibrarytopaths.code.tex
File: tikzlibrarytopaths.code.tex 2023-01-15 v3.1.10 (3.1.10)
))) (/usr/share/texmf-dist/tex/latex/tools/verbatim.sty
Package: verbatim 2024-01-22 v1.5x LaTeX2e package for verbatim enhancements
\every@verbatim=\toks48
\verbatim@line=\toks49
\verbatim@in@stream=\read5
) (/usr/share/texmf-dist/tex/latex/environ/environ.sty
Package: environ 2014/05/04 v0.3 A new way to define environments
 (/usr/share/texmf-dist/tex/latex/trimspaces/trimspaces.sty
Package: trimspaces 2009/09/17 v1.1 Trim spaces around a token list
))
\tcb@titlebox=\box131
\tcb@upperbox=\box132
\tcb@lowerbox=\box133
\tcb@phantombox=\box134
\c@tcbbreakpart=\count390
\c@tcblayer=\count391
\c@tcolorbox@number=\count392
\l__tcobox_tmpa_box=\box135
\l__tcobox_tmpa_dim=\dimen335
\tcb@temp=\box136
\tcb@temp=\box137
\tcb@temp=\box138
\tcb@temp=\box139
) (/usr/share/texmf-dist/tex/latex/listings/listings.sty
\lst@mode=\count393
\lst@gtempboxa=\box140
\lst@token=\toks50
\lst@length=\count394
\lst@currlwidth=\dimen336
\lst@column=\count395
\lst@pos=\count396
\lst@lostspace=\dimen337
\lst@width=\dimen338
\lst@newlines=\count397
\lst@lineno=\count398
\lst@maxwidth=\dimen339
 (/usr/share/texmf-dist/tex/latex/listings/lstpatch.sty
File: lstpatch.sty 2024/09/23 1.10c (Carsten Heinz)
) (/usr/share/texmf-dist/tex/latex/listings/lstmisc.sty
File: lstmisc.sty 2024/09/23 1.10c (Carsten Heinz)
\c@lstnumber=\count399
\lst@skipnumbers=\count400
\lst@framebox=\box141
) (/usr/share/texmf-dist/tex/latex/listings/listings.cfg
File: listings.cfg 2024/09/23 1.10c listings configuration
))
Package: listings 2024/09/23 1.10c (Carsten Heinz)
 (/usr/share/texmf-dist/tex/latex/stackengine/stackengine.sty
Package: stackengine 2021/07/22 v4.11\ Stacking text and objects in convenient ways
 (/usr/share/texmf-dist/tex/generic/listofitems/listofitems.sty (/usr/share/texmf-dist/tex/generic/listofitems/listofitems.tex
\loi_cnt_foreach_nest=\count401
\loi_nestcnt=\count402
)
Package: listofitems 2024/03/09 v1.65 Grab items in lists using user-specified sep char (CT)
)
\c@@stackindex=\count403
\@boxshift=\skip76
\stack@tmplength=\skip77
\temp@stkl=\skip78
\@stackedboxwidth=\skip79
\@addedbox=\box142
\@anchorbox=\box143
\@insetbox=\box144
\se@backgroundbox=\box145
\stackedbox=\box146
\@centerbox=\box147
\c@ROWcellindex@=\count404
) (/usr/share/texmf-dist/tex/latex/grffile/grffile.sty
Package: grffile 2019/11/11 v2.1 Extended file name support for graphics (legacy)
Package grffile Info: This package is an empty stub for compatibility on input line 40.
) (../Ritsumeikan.sty (/usr/share/texmf-dist/tex/latex/beamer/beamerouterthemesmoothbars.sty) (/usr/share/texmf-dist/tex/latex/beamer/beamerinnerthemecircles.sty)) (./PresTesis.aux)
\openout1 = `PresTesis.aux'.

LaTeX Font Info:    Checking defaults for OML/cmm/m/it on input line 54.
LaTeX Font Info:    ... okay on input line 54.
LaTeX Font Info:    Checking defaults for OMS/cmsy/m/n on input line 54.
LaTeX Font Info:    ... okay on input line 54.
LaTeX Font Info:    Checking defaults for OT1/cmr/m/n on input line 54.
LaTeX Font Info:    ... okay on input line 54.
LaTeX Font Info:    Checking defaults for T1/cmr/m/n on input line 54.
LaTeX Font Info:    ... okay on input line 54.
LaTeX Font Info:    Checking defaults for TS1/cmr/m/n on input line 54.
LaTeX Font Info:    ... okay on input line 54.
LaTeX Font Info:    Checking defaults for OMX/cmex/m/n on input line 54.
LaTeX Font Info:    ... okay on input line 54.
LaTeX Font Info:    Checking defaults for U/cmr/m/n on input line 54.
LaTeX Font Info:    ... okay on input line 54.
LaTeX Font Info:    Checking defaults for PD1/pdf/m/n on input line 54.
LaTeX Font Info:    ... okay on input line 54.
LaTeX Font Info:    Checking defaults for PU/pdf/m/n on input line 54.
LaTeX Font Info:    ... okay on input line 54.

*geometry* driver: auto-detecting
*geometry* detected driver: pdftex
*geometry* verbose mode - [ preamble ] result:
* driver: pdftex
* paper: custom
* layout: <same size as paper>
* layoutoffset:(h,v)=(0.0pt,0.0pt)
* modes: includehead includefoot 
* h-part:(L,W,R)=(28.45274pt, 307.28987pt, 28.45274pt)
* v-part:(T,H,B)=(0.0pt, 273.14662pt, 0.0pt)
* \paperwidth=364.19536pt
* \paperheight=273.14662pt
* \textwidth=307.28987pt
* \textheight=244.6939pt
* \oddsidemargin=-43.81725pt
* \evensidemargin=-43.81725pt
* \topmargin=-72.26999pt
* \headheight=14.22636pt
* \headsep=0.0pt
* \topskip=11.0pt
* \footskip=14.22636pt
* \marginparwidth=4.0pt
* \marginparsep=10.0pt
* \columnsep=10.0pt
* \skip\footins=10.0pt plus 4.0pt minus 2.0pt
* \hoffset=0.0pt
* \voffset=0.0pt
* \mag=1000
* \@twocolumnfalse
* \@twosidefalse
* \@mparswitchfalse
* \@reversemarginfalse
* (1in=72.27pt=25.4mm, 1cm=28.453pt)

(/usr/share/texmf-dist/tex/context/base/mkii/supp-pdf.mkii
[Loading MPS to PDF converter (version 2006.09.02).]
\scratchcounter=\count405
\scratchdimen=\dimen340
\scratchbox=\box148
\nofMPsegments=\count406
\nofMParguments=\count407
\everyMPshowfont=\toks51
\MPscratchCnt=\count408
\MPscratchDim=\dimen341
\MPnumerator=\count409
\makeMPintoPDFobject=\count410
\everyMPtoPDFconversion=\toks52
) (/usr/share/texmf-dist/tex/latex/epstopdf-pkg/epstopdf-base.sty
Package: epstopdf-base 2020-01-24 v2.11 Base part for package epstopdf
Package epstopdf-base Info: Redefining graphics rule for `.eps' on input line 485.
 (/usr/share/texmf-dist/tex/latex/latexconfig/epstopdf-sys.cfg
File: epstopdf-sys.cfg 2010/07/13 v1.3 Configuration of (r)epstopdf for TeX Live
))
Package hyperref Info: Link coloring OFF on input line 54.
 (./PresTesis.out) (./PresTesis.out)
\@outlinefile=\write5
\openout5 = `PresTesis.out'.

 (/usr/share/texmf-dist/tex/latex/translator/translator-basic-dictionary-English.dict
Dictionary: translator-basic-dictionary, Language: English 
) (/usr/share/texmf-dist/tex/latex/translator/translator-bibliography-dictionary-English.dict
Dictionary: translator-bibliography-dictionary, Language: English 
) (/usr/share/texmf-dist/tex/latex/translator/translator-environment-dictionary-English.dict
Dictionary: translator-environment-dictionary, Language: English 
) (/usr/share/texmf-dist/tex/latex/translator/translator-months-dictionary-English.dict
Dictionary: translator-months-dictionary, Language: English 
) (/usr/share/texmf-dist/tex/latex/translator/translator-numbers-dictionary-English.dict
Dictionary: translator-numbers-dictionary, Language: English 
) (/usr/share/texmf-dist/tex/latex/translator/translator-theorem-dictionary-English.dict
Dictionary: translator-theorem-dictionary, Language: English 
)
\c@maskedRefs=\count411
 (/usr/share/texmf-dist/tex/latex/apacite/spanish.apc
File: spanish.apc 2013/07/21 v6.03 apacite language file
LaTeX Info: Redefining \BPBI on input line 138.
LaTeX Info: Redefining \BHBI on input line 139.
)
\c@lstlisting=\count412
 (./PresTesis.nav)
Overfull \hbox (100.50803pt too wide) detected at line 54
  [] [][][][][] [][][] [][][][][][] [][][] [][][][][][][][][][][] [][][] []  
 []


Overfull \hbox (100.50803pt too wide) detected at line 66
  [] [][][][][] [][][] [][][][][][] [][][] [][][][][][][][][][][] [][][] []  
 []

<./Pics/Usach S1.png, id=125, 1103.12125pt x 348.30125pt>
File: ./Pics/Usach S1.png Graphic file (type png)
<use ./Pics/Usach S1.png>
Package pdftex.def Info: ./Pics/Usach S1.png  used on input line 66.
(pdftex.def)             Requested size: 76.82246pt x 24.25603pt.



Overfull \hbox (100.50803pt too wide) has occurred while \output is active
  [] [][][][][] [][][] [][][][][][] [][][] [][][][][][][][][][][] [][][] []  
 []

[1{/var/lib/texmf/fonts/map/pdftex/updmap/pdftex.map}{/usr/share/texmf-dist/fonts/enc/dvips/cm-super/cm-super-t1.enc}

 <./Pics/Usach S1.png>]
Overfull \hbox (100.50803pt too wide) detected at line 71
  [] [][][][][] [][][] [][][][][][] [][][] [][][][][][][][][][][] [][][] []  
 []

(./PresTesis.toc)


Overfull \hbox (100.50803pt too wide) has occurred while \output is active
  [] [][][][][] [][][] [][][][][][] [][][] [][][][][][][][][][][] [][][] []  
 []

[2

]
Overfull \hbox (100.50803pt too wide) detected at line 74
  [] [][][][][] [][][] [][][][][][] [][][] [][][][][][][][][][][] [][][] []  
 []

(./PresTesis.toc)


Overfull \hbox (100.50803pt too wide) has occurred while \output is active
  [] [][][][][] [][][] [][][][][][] [][][] [][][][][][][][][][][] [][][] []  
 []

[3

]
Overfull \hbox (100.50803pt too wide) detected at line 75
  [] [][][][][] [][][] [][][][][][] [][][] [][][][][][][][][][][] [][][] []  
 []

(./PresTesis.toc)


Overfull \hbox (100.50803pt too wide) has occurred while \output is active
  [] [][][][][] [][][] [][][][][][] [][][] [][][][][][][][][][][] [][][] []  
 []

[4

]
Overfull \hbox (100.50803pt too wide) detected at line 82
  [] [][][][][] [][][] [][][][][][] [][][] [][][][][][][][][][][] [][][] []  
 []

LaTeX Font Info:    Trying to load font information for U+msa on input line 82.
(/usr/share/texmf-dist/tex/latex/amsfonts/umsa.fd
File: umsa.fd 2013/01/14 v3.01 AMS symbols A
)
LaTeX Font Info:    Trying to load font information for U+msb on input line 82.
 (/usr/share/texmf-dist/tex/latex/amsfonts/umsb.fd
File: umsb.fd 2013/01/14 v3.01 AMS symbols B
)
LaTeX Font Info:    Trying to load font information for U+lasy on input line 82.
 (/usr/share/texmf-dist/tex/latex/base/ulasy.fd
File: ulasy.fd 1998/08/17 v2.2e LaTeX symbol font definitions
)


Overfull \hbox (100.50803pt too wide) has occurred while \output is active
  [] [][][][][] [][][] [][][][][][] [][][] [][][][][][][][][][][] [][][] []  
 []

[5

]


Overfull \hbox (100.50803pt too wide) has occurred while \output is active
  [] [][][][][] [][][] [][][][][][] [][][] [][][][][][][][][][][] [][][] []  
 []

[6

]


Overfull \hbox (100.50803pt too wide) has occurred while \output is active
  [] [][][][][] [][][] [][][][][][] [][][] [][][][][][][][][][][] [][][] []  
 []

[7

]
Overfull \hbox (100.50803pt too wide) detected at line 90
  [] [][][][][] [][][] [][][][][][] [][][] [][][][][][][][][][][] [][][] []  
 []

<.//Pics//lahar.png, id=772, 1193.20781pt x 753.5653pt>
File: .//Pics//lahar.png Graphic file (type png)
<use .//Pics//lahar.png>
Package pdftex.def Info: .//Pics//lahar.png  used on input line 90.
(pdftex.def)             Requested size: 284.51863pt x 170.70622pt.



Overfull \hbox (100.50803pt too wide) has occurred while \output is active
  [] [][][][][] [][][] [][][][][][] [][][] [][][][][][][][][][][] [][][] []  
 []

[8

 <.//Pics//lahar.png>]
Overfull \hbox (100.50803pt too wide) detected at line 94
  [] [][][][][] [][][] [][][][][][] [][][] [][][][][][][][][][][] [][][] []  
 []

(./PresTesis.toc)


Overfull \hbox (100.50803pt too wide) has occurred while \output is active
  [] [][][][][] [][][] [][][][][][] [][][] [][][][][][][][][][][] [][][] []  
 []

[9

]
Overfull \hbox (100.50803pt too wide) detected at line 105
  [] [][][][][] [][][] [][][][][][] [][][] [][][][][][][][][][][] [][][] []  
 []




Overfull \hbox (100.50803pt too wide) has occurred while \output is active
  [] [][][][][] [][][] [][][][][][] [][][] [][][][][][][][][][][] [][][] []  
 []

[10

]
Overfull \hbox (100.50803pt too wide) detected at line 109
  [] [][][][][] [][][] [][][][][][] [][][] [][][][][][][][][][][] [][][] []  
 []

(./PresTesis.toc)


Overfull \hbox (100.50803pt too wide) has occurred while \output is active
  [] [][][][][] [][][] [][][][][][] [][][] [][][][][][][][][][][] [][][] []  
 []

[11

]
Overfull \hbox (100.50803pt too wide) detected at line 117
  [] [][][][][] [][][] [][][][][][] [][][] [][][][][][][][][][][] [][][] []  
 []




Overfull \hbox (100.50803pt too wide) has occurred while \output is active
  [] [][][][][] [][][] [][][][][][] [][][] [][][][][][][][][][][] [][][] []  
 []

[12

]
Overfull \hbox (100.50803pt too wide) detected at line 127
  [] [][][][][] [][][] [][][][][][] [][][] [][][][][][][][][][][] [][][] []  
 []




Overfull \hbox (100.50803pt too wide) has occurred while \output is active
  [] [][][][][] [][][] [][][][][][] [][][] [][][][][][][][][][][] [][][] []  
 []

[13

]
Overfull \hbox (100.50803pt too wide) detected at line 139
  [] [][][][][] [][][] [][][][][][] [][][] [][][][][][][][][][][] [][][] []  
 []

<./Pics/pinnpdf.pdf, id=1351, page=1, 694.84593pt x 242.40562pt>
File: ./Pics/pinnpdf.pdf Graphic file (type pdf)
<use ./Pics/pinnpdf.pdf, page 1>
Package pdftex.def Info: ./Pics/pinnpdf.pdf , page1 used on input line 139.
(pdftex.def)             Requested size: 694.84422pt x 242.40501pt.
 <./Pics/pinnpdf.pdf> <a0,fr0>
<./Pics/pinnpdf.pdf, id=1356, page=2, 591.71063pt x 103.13531pt>
File: ./Pics/pinnpdf.pdf Graphic file (type pdf)
<use ./Pics/pinnpdf.pdf, page 2>
Package pdftex.def Info: ./Pics/pinnpdf.pdf , page2 used on input line 139.
(pdftex.def)             Requested size: 591.70918pt x 103.13504pt.
 <./Pics/pinnpdf.pdf> <a0,fr1>
<./Pics/pinnpdf.pdf, id=1360, page=3, 592.46344pt x 109.91063pt>
File: ./Pics/pinnpdf.pdf Graphic file (type pdf)
<use ./Pics/pinnpdf.pdf, page 3>
Package pdftex.def Info: ./Pics/pinnpdf.pdf , page3 used on input line 139.
(pdftex.def)             Requested size: 592.46199pt x 109.91034pt.
 <./Pics/pinnpdf.pdf> <a0,fr2>
<./Pics/pinnpdf.pdf, id=1364, page=4, 653.44125pt x 176.91093pt>
File: ./Pics/pinnpdf.pdf Graphic file (type pdf)
<use ./Pics/pinnpdf.pdf, page 4>
Package pdftex.def Info: ./Pics/pinnpdf.pdf , page4 used on input line 139.
(pdftex.def)             Requested size: 653.43965pt x 176.91049pt.
 <./Pics/pinnpdf.pdf> <a0,fr3>
<./Pics/pinnpdf.pdf, id=1368, page=5, 653.44125pt x 176.91093pt>
File: ./Pics/pinnpdf.pdf Graphic file (type pdf)
<use ./Pics/pinnpdf.pdf, page 5>
Package pdftex.def Info: ./Pics/pinnpdf.pdf , page5 used on input line 139.
(pdftex.def)             Requested size: 653.43965pt x 176.91049pt.
 <./Pics/pinnpdf.pdf> <a0,fr4>
<./Pics/pinnpdf.pdf, id=1372, page=6, 645.91313pt x 179.92218pt>
File: ./Pics/pinnpdf.pdf Graphic file (type pdf)
<use ./Pics/pinnpdf.pdf, page 6>
Package pdftex.def Info: ./Pics/pinnpdf.pdf , page6 used on input line 139.
(pdftex.def)             Requested size: 645.91156pt x 179.92174pt.
 <./Pics/pinnpdf.pdf> <a0,fr5>
<./Pics/pinnpdf.pdf, id=1376, page=7, 651.93562pt x 179.92218pt>
File: ./Pics/pinnpdf.pdf Graphic file (type pdf)
<use ./Pics/pinnpdf.pdf, page 7>
Package pdftex.def Info: ./Pics/pinnpdf.pdf , page7 used on input line 139.
(pdftex.def)             Requested size: 651.93402pt x 179.92174pt.
 <./Pics/pinnpdf.pdf> <a0,fr6>
<./Pics/pinnpdf.pdf, id=1380, page=8, 645.91313pt x 179.92218pt>
File: ./Pics/pinnpdf.pdf Graphic file (type pdf)
<use ./Pics/pinnpdf.pdf, page 8>
Package pdftex.def Info: ./Pics/pinnpdf.pdf , page8 used on input line 139.
(pdftex.def)             Requested size: 645.91156pt x 179.92174pt.
 <./Pics/pinnpdf.pdf> <a0,fr7>
<./Pics/pinnpdf.pdf, id=1384, page=9, 655.69969pt x 176.15813pt>
File: ./Pics/pinnpdf.pdf Graphic file (type pdf)
<use ./Pics/pinnpdf.pdf, page 9>
Package pdftex.def Info: ./Pics/pinnpdf.pdf , page9 used on input line 139.
(pdftex.def)             Requested size: 655.69809pt x 176.15768pt.
 <./Pics/pinnpdf.pdf> <a0,fr8>
<./Pics/pinnpdf.pdf, id=1388, page=10, 655.69969pt x 179.92218pt>
File: ./Pics/pinnpdf.pdf Graphic file (type pdf)
<use ./Pics/pinnpdf.pdf, page 10>
Package pdftex.def Info: ./Pics/pinnpdf.pdf , page10 used on input line 139.
(pdftex.def)             Requested size: 655.69809pt x 179.92174pt.
 <./Pics/pinnpdf.pdf> <a0,fr9>
<./Pics/pinnpdf.pdf, id=1392, page=11, 653.44125pt x 176.91093pt>
File: ./Pics/pinnpdf.pdf Graphic file (type pdf)
<use ./Pics/pinnpdf.pdf, page 11>
Package pdftex.def Info: ./Pics/pinnpdf.pdf , page11 used on input line 139.
(pdftex.def)             Requested size: 653.43965pt x 176.91049pt.
 <./Pics/pinnpdf.pdf> <a0,fr10>
<./Pics/pinnpdf.pdf, id=1396, page=12, 655.69969pt x 176.91093pt>
File: ./Pics/pinnpdf.pdf Graphic file (type pdf)
<use ./Pics/pinnpdf.pdf, page 12>
Package pdftex.def Info: ./Pics/pinnpdf.pdf , page12 used on input line 139.
(pdftex.def)             Requested size: 655.69809pt x 176.91049pt.
 <./Pics/pinnpdf.pdf> <a0,fr11>
<./Pics/pinnpdf.pdf, id=1400, page=13, 655.69969pt x 179.92218pt>
File: ./Pics/pinnpdf.pdf Graphic file (type pdf)
<use ./Pics/pinnpdf.pdf, page 13>
Package pdftex.def Info: ./Pics/pinnpdf.pdf , page13 used on input line 139.
(pdftex.def)             Requested size: 655.69809pt x 179.92174pt.
 <./Pics/pinnpdf.pdf> <a0,fr12>
<./Pics/pinnpdf.pdf, id=1404, page=14, 646.66594pt x 179.92218pt>
File: ./Pics/pinnpdf.pdf Graphic file (type pdf)
<use ./Pics/pinnpdf.pdf, page 14>
Package pdftex.def Info: ./Pics/pinnpdf.pdf , page14 used on input line 139.
(pdftex.def)             Requested size: 646.66435pt x 179.92174pt.
 <./Pics/pinnpdf.pdf> <a0,fr13>
<./Pics/pinnpdf.pdf, id=1408, page=15, 654.19406pt x 176.91093pt>
File: ./Pics/pinnpdf.pdf Graphic file (type pdf)
<use ./Pics/pinnpdf.pdf, page 15>
Package pdftex.def Info: ./Pics/pinnpdf.pdf , page15 used on input line 139.
(pdftex.def)             Requested size: 654.19246pt x 176.91049pt.
 <./Pics/pinnpdf.pdf> <a0,fr14>
<./Pics/pinnpdf.pdf, id=1412, page=16, 654.19406pt x 180.675pt>
File: ./Pics/pinnpdf.pdf Graphic file (type pdf)
<use ./Pics/pinnpdf.pdf, page 16>
Package pdftex.def Info: ./Pics/pinnpdf.pdf , page16 used on input line 139.
(pdftex.def)             Requested size: 654.19246pt x 180.67455pt.
 <./Pics/pinnpdf.pdf> <a0,fr15>
<./Pics/pinnpdf.pdf, id=1416, page=17, 647.41875pt x 186.6975pt>
File: ./Pics/pinnpdf.pdf Graphic file (type pdf)
<use ./Pics/pinnpdf.pdf, page 17>
Package pdftex.def Info: ./Pics/pinnpdf.pdf , page17 used on input line 139.
(pdftex.def)             Requested size: 647.41716pt x 186.69704pt.
 <./Pics/pinnpdf.pdf> <a0,fr16>
<./Pics/pinnpdf.pdf, id=1420, page=18, 605.26125pt x 193.47281pt>
File: ./Pics/pinnpdf.pdf Graphic file (type pdf)
<use ./Pics/pinnpdf.pdf, page 18>
Package pdftex.def Info: ./Pics/pinnpdf.pdf , page18 used on input line 139.
(pdftex.def)             Requested size: 605.25975pt x 193.47234pt.
 <./Pics/pinnpdf.pdf> <a0,fr17>
<./Pics/pinnpdf.pdf, id=1424, page=19, 604.50844pt x 192.72pt>
File: ./Pics/pinnpdf.pdf Graphic file (type pdf)
<use ./Pics/pinnpdf.pdf, page 19>
Package pdftex.def Info: ./Pics/pinnpdf.pdf , page19 used on input line 139.
(pdftex.def)             Requested size: 604.50696pt x 192.71951pt.
 <./Pics/pinnpdf.pdf> <a0,fr18>
<./Pics/pinnpdf.pdf, id=1428, page=20, 657.2053pt x 193.47281pt>
File: ./Pics/pinnpdf.pdf Graphic file (type pdf)
<use ./Pics/pinnpdf.pdf, page 20>
Package pdftex.def Info: ./Pics/pinnpdf.pdf , page20 used on input line 139.
(pdftex.def)             Requested size: 657.20369pt x 193.47234pt.
 <./Pics/pinnpdf.pdf> <a0,fr19>
<./Pics/pinnpdf.pdf, id=1432, page=21, 657.2053pt x 193.47281pt>
File: ./Pics/pinnpdf.pdf Graphic file (type pdf)
<use ./Pics/pinnpdf.pdf, page 21>
Package pdftex.def Info: ./Pics/pinnpdf.pdf , page21 used on input line 139.
(pdftex.def)             Requested size: 657.20369pt x 193.47234pt.
 <./Pics/pinnpdf.pdf> <a0,fr20>
<./Pics/pinnpdf.pdf, id=1436, page=22, 656.4525pt x 192.72pt>
File: ./Pics/pinnpdf.pdf Graphic file (type pdf)
<use ./Pics/pinnpdf.pdf, page 22>
Package pdftex.def Info: ./Pics/pinnpdf.pdf , page22 used on input line 139.
(pdftex.def)             Requested size: 656.4509pt x 192.71951pt.
 <./Pics/pinnpdf.pdf> <a0,fr21>
<./Pics/pinnpdf.pdf, id=1440, page=23, 657.2053pt x 193.47281pt>
File: ./Pics/pinnpdf.pdf Graphic file (type pdf)
<use ./Pics/pinnpdf.pdf, page 23>
Package pdftex.def Info: ./Pics/pinnpdf.pdf , page23 used on input line 139.
(pdftex.def)             Requested size: 657.20369pt x 193.47234pt.
 <./Pics/pinnpdf.pdf> <a0,fr22>
<./Pics/pinnpdf.pdf, id=1444, page=24, 656.4525pt x 193.47281pt>
File: ./Pics/pinnpdf.pdf Graphic file (type pdf)
<use ./Pics/pinnpdf.pdf, page 24>
Package pdftex.def Info: ./Pics/pinnpdf.pdf , page24 used on input line 139.
(pdftex.def)             Requested size: 656.4509pt x 193.47234pt.
 <./Pics/pinnpdf.pdf> <a0,fr23>
<./Pics/pinnpdf.pdf, id=1448, page=25, 654.94687pt x 188.20313pt>
File: ./Pics/pinnpdf.pdf Graphic file (type pdf)
<use ./Pics/pinnpdf.pdf, page 25>
Package pdftex.def Info: ./Pics/pinnpdf.pdf , page25 used on input line 139.
(pdftex.def)             Requested size: 654.94528pt x 188.20265pt.
 <./Pics/pinnpdf.pdf> <a0,fr24>
<./Pics/pinnpdf.pdf, id=1452, page=26, 655.69969pt x 187.45032pt>
File: ./Pics/pinnpdf.pdf Graphic file (type pdf)
<use ./Pics/pinnpdf.pdf, page 26>
Package pdftex.def Info: ./Pics/pinnpdf.pdf , page26 used on input line 139.
(pdftex.def)             Requested size: 655.69809pt x 187.44984pt.
 <./Pics/pinnpdf.pdf> <a0,fr25>
<./Pics/pinnpdf.pdf, id=1456, page=27, 656.4525pt x 185.19188pt>
File: ./Pics/pinnpdf.pdf Graphic file (type pdf)
<use ./Pics/pinnpdf.pdf, page 27>
Package pdftex.def Info: ./Pics/pinnpdf.pdf , page27 used on input line 139.
(pdftex.def)             Requested size: 656.4509pt x 185.1914pt.
 <./Pics/pinnpdf.pdf> <a0,fr26>
<./Pics/pinnpdf.pdf, id=1460, page=28, 657.2053pt x 187.45032pt>
File: ./Pics/pinnpdf.pdf Graphic file (type pdf)
<use ./Pics/pinnpdf.pdf, page 28>
Package pdftex.def Info: ./Pics/pinnpdf.pdf , page28 used on input line 139.
(pdftex.def)             Requested size: 657.20369pt x 187.44984pt.
 <./Pics/pinnpdf.pdf> <a0,fr27>
<./Pics/pinnpdf.pdf, id=1464, page=29, 655.69969pt x 185.19188pt>
File: ./Pics/pinnpdf.pdf Graphic file (type pdf)
<use ./Pics/pinnpdf.pdf, page 29>
Package pdftex.def Info: ./Pics/pinnpdf.pdf , page29 used on input line 139.
(pdftex.def)             Requested size: 655.69809pt x 185.1914pt.
 <./Pics/pinnpdf.pdf> <a0,fr28>
<./Pics/pinnpdf.pdf, id=1468, page=30, 654.94687pt x 183.68625pt>
File: ./Pics/pinnpdf.pdf Graphic file (type pdf)
<use ./Pics/pinnpdf.pdf, page 30>
Package pdftex.def Info: ./Pics/pinnpdf.pdf , page30 used on input line 139.
(pdftex.def)             Requested size: 654.94528pt x 183.68578pt.
 <./Pics/pinnpdf.pdf> <a0,fr29>
<./Pics/pinnpdf.pdf, id=1472, page=31, 655.69969pt x 185.19188pt>
File: ./Pics/pinnpdf.pdf Graphic file (type pdf)
<use ./Pics/pinnpdf.pdf, page 31>
Package pdftex.def Info: ./Pics/pinnpdf.pdf , page31 used on input line 139.
(pdftex.def)             Requested size: 655.69809pt x 185.1914pt.
 <./Pics/pinnpdf.pdf> <a0,fr30>
<./Pics/pinnpdf.pdf, id=1476, page=32, 656.4525pt x 186.6975pt>
File: ./Pics/pinnpdf.pdf Graphic file (type pdf)
<use ./Pics/pinnpdf.pdf, page 32>
Package pdftex.def Info: ./Pics/pinnpdf.pdf , page32 used on input line 139.
(pdftex.def)             Requested size: 656.4509pt x 186.69704pt.
 <./Pics/pinnpdf.pdf> <a0,fr31>
<./Pics/pinnpdf.pdf, id=1480, page=33, 654.94687pt x 187.45032pt>
File: ./Pics/pinnpdf.pdf Graphic file (type pdf)
<use ./Pics/pinnpdf.pdf, page 33>
Package pdftex.def Info: ./Pics/pinnpdf.pdf , page33 used on input line 139.
(pdftex.def)             Requested size: 654.94528pt x 187.44984pt.
 <./Pics/pinnpdf.pdf> <a0,fr32>
<./Pics/pinnpdf.pdf, id=1484, page=34, 655.69969pt x 186.6975pt>
File: ./Pics/pinnpdf.pdf Graphic file (type pdf)
<use ./Pics/pinnpdf.pdf, page 34>
Package pdftex.def Info: ./Pics/pinnpdf.pdf , page34 used on input line 139.
(pdftex.def)             Requested size: 655.69809pt x 186.69704pt.
 <./Pics/pinnpdf.pdf> <a0,fr33>
<./Pics/pinnpdf.pdf, id=1488, page=35, 655.69969pt x 186.6975pt>
File: ./Pics/pinnpdf.pdf Graphic file (type pdf)
<use ./Pics/pinnpdf.pdf, page 35>
Package pdftex.def Info: ./Pics/pinnpdf.pdf , page35 used on input line 139.
(pdftex.def)             Requested size: 655.69809pt x 186.69704pt.
 <./Pics/pinnpdf.pdf> <a0,fr34>
<./Pics/pinnpdf.pdf, id=1492, page=36, 605.26125pt x 187.45032pt>
File: ./Pics/pinnpdf.pdf Graphic file (type pdf)
<use ./Pics/pinnpdf.pdf, page 36>
Package pdftex.def Info: ./Pics/pinnpdf.pdf , page36 used on input line 139.
(pdftex.def)             Requested size: 605.25975pt x 187.44984pt.
 <./Pics/pinnpdf.pdf> <a0,fr35>
<./Pics/pinnpdf.pdf, id=1496, page=37, 647.41875pt x 187.45032pt>
File: ./Pics/pinnpdf.pdf Graphic file (type pdf)
<use ./Pics/pinnpdf.pdf, page 37>
Package pdftex.def Info: ./Pics/pinnpdf.pdf , page37 used on input line 139.
(pdftex.def)             Requested size: 647.41716pt x 187.44984pt.
 <./Pics/pinnpdf.pdf> <a0,fr36>
<./Pics/pinnpdf.pdf, id=1500, page=38, 605.26125pt x 187.45032pt>
File: ./Pics/pinnpdf.pdf Graphic file (type pdf)
<use ./Pics/pinnpdf.pdf, page 38>
Package pdftex.def Info: ./Pics/pinnpdf.pdf , page38 used on input line 139.
(pdftex.def)             Requested size: 605.25975pt x 187.44984pt.
 <./Pics/pinnpdf.pdf> <a0,fr37>
<./Pics/pinnpdf.pdf, id=1504, page=39, 656.4525pt x 188.20313pt>
File: ./Pics/pinnpdf.pdf Graphic file (type pdf)
<use ./Pics/pinnpdf.pdf, page 39>
Package pdftex.def Info: ./Pics/pinnpdf.pdf , page39 used on input line 139.
(pdftex.def)             Requested size: 656.4509pt x 188.20265pt.
 <./Pics/pinnpdf.pdf> <a0,fr38>
<./Pics/pinnpdf.pdf, id=1508, page=40, 646.66594pt x 188.20313pt>
File: ./Pics/pinnpdf.pdf Graphic file (type pdf)
<use ./Pics/pinnpdf.pdf, page 40>
Package pdftex.def Info: ./Pics/pinnpdf.pdf , page40 used on input line 139.
(pdftex.def)             Requested size: 646.66435pt x 188.20265pt.
 <./Pics/pinnpdf.pdf> <a0,fr39>
<./Pics/pinnpdf.pdf, id=1512, page=41, 653.44125pt x 188.20313pt>
File: ./Pics/pinnpdf.pdf Graphic file (type pdf)
<use ./Pics/pinnpdf.pdf, page 41>
Package pdftex.def Info: ./Pics/pinnpdf.pdf , page41 used on input line 139.
(pdftex.def)             Requested size: 653.43965pt x 188.20265pt.
 <./Pics/pinnpdf.pdf> <a0,fr40>
<./Pics/pinnpdf.pdf, id=1516, page=42, 657.2053pt x 188.20313pt>
File: ./Pics/pinnpdf.pdf Graphic file (type pdf)
<use ./Pics/pinnpdf.pdf, page 42>
Package pdftex.def Info: ./Pics/pinnpdf.pdf , page42 used on input line 139.
(pdftex.def)             Requested size: 657.20369pt x 188.20265pt.
 <./Pics/pinnpdf.pdf> <a0,fr41>
<./Pics/pinnpdf.pdf, id=1520, page=43, 657.2053pt x 188.20313pt>
File: ./Pics/pinnpdf.pdf Graphic file (type pdf)
<use ./Pics/pinnpdf.pdf, page 43>
Package pdftex.def Info: ./Pics/pinnpdf.pdf , page43 used on input line 139.
(pdftex.def)             Requested size: 657.20369pt x 188.20265pt.
 <./Pics/pinnpdf.pdf> <a0,fr42>
<./Pics/pinnpdf.pdf, id=1524, page=44, 654.94687pt x 191.21437pt>
File: ./Pics/pinnpdf.pdf Graphic file (type pdf)
<use ./Pics/pinnpdf.pdf, page 44>
Package pdftex.def Info: ./Pics/pinnpdf.pdf , page44 used on input line 139.
(pdftex.def)             Requested size: 654.94528pt x 191.2139pt.
 <./Pics/pinnpdf.pdf> <a0,fr43>
<./Pics/pinnpdf.pdf, id=1528, page=45, 654.94687pt x 194.97844pt>
File: ./Pics/pinnpdf.pdf Graphic file (type pdf)
<use ./Pics/pinnpdf.pdf, page 45>
Package pdftex.def Info: ./Pics/pinnpdf.pdf , page45 used on input line 139.
(pdftex.def)             Requested size: 654.94528pt x 194.97795pt.
 <./Pics/pinnpdf.pdf> <a0,fr44>
<./Pics/pinnpdf.pdf, id=1532, page=46, 647.41875pt x 197.23688pt>
File: ./Pics/pinnpdf.pdf Graphic file (type pdf)
<use ./Pics/pinnpdf.pdf, page 46>
Package pdftex.def Info: ./Pics/pinnpdf.pdf , page46 used on input line 139.
(pdftex.def)             Requested size: 647.41716pt x 197.23637pt.
 <./Pics/pinnpdf.pdf> <a0,fr45>
<./Pics/pinnpdf.pdf, id=1536, page=47, 654.19406pt x 198.7425pt>
File: ./Pics/pinnpdf.pdf Graphic file (type pdf)
<use ./Pics/pinnpdf.pdf, page 47>
Package pdftex.def Info: ./Pics/pinnpdf.pdf , page47 used on input line 139.
(pdftex.def)             Requested size: 654.19246pt x 198.742pt.
 <./Pics/pinnpdf.pdf> <a0,fr46>
<./Pics/pinnpdf.pdf, id=1540, page=48, 653.44125pt x 200.24812pt>
File: ./Pics/pinnpdf.pdf Graphic file (type pdf)
<use ./Pics/pinnpdf.pdf, page 48>
Package pdftex.def Info: ./Pics/pinnpdf.pdf , page48 used on input line 139.
(pdftex.def)             Requested size: 653.43965pt x 200.24763pt.
 <./Pics/pinnpdf.pdf> <a0,fr47>
<./Pics/pinnpdf.pdf, id=1544, page=49, 654.19406pt x 201.75375pt>
File: ./Pics/pinnpdf.pdf Graphic file (type pdf)
<use ./Pics/pinnpdf.pdf, page 49>
Package pdftex.def Info: ./Pics/pinnpdf.pdf , page49 used on input line 139.
(pdftex.def)             Requested size: 654.19246pt x 201.75325pt.
 <./Pics/pinnpdf.pdf> <a0,fr48>
<./Pics/pinnpdf.pdf, id=1548, page=50, 656.4525pt x 202.50656pt>
File: ./Pics/pinnpdf.pdf Graphic file (type pdf)
<use ./Pics/pinnpdf.pdf, page 50>
Package pdftex.def Info: ./Pics/pinnpdf.pdf , page50 used on input line 139.
(pdftex.def)             Requested size: 656.4509pt x 202.50604pt.
 <./Pics/pinnpdf.pdf> <a0,fr49>


Overfull \hbox (100.50803pt too wide) has occurred while \output is active
  [] [][][][][] [][][] [][][][][][] [][][] [][][][][][][][][][][] [][][] []  
 []

[14

]
Overfull \hbox (100.50803pt too wide) detected at line 145
  [] [][][][][] [][][] [][][][][][] [][][] [][][][][][][][][][][] [][][] []  
 []




Overfull \hbox (100.50803pt too wide) has occurred while \output is active
  [] [][][][][] [][][] [][][][][][] [][][] [][][][][][][][][][][] [][][] []  
 []

[15

]
Overfull \hbox (100.50803pt too wide) detected at line 147
  [] [][][][][] [][][] [][][][][][] [][][] [][][][][][][][][][][] [][][] []  
 []

(./PresTesis.toc)


Overfull \hbox (100.50803pt too wide) has occurred while \output is active
  [] [][][][][] [][][] [][][][][][] [][][] [][][][][][][][][][][] [][][] []  
 []

[16

]
Overfull \hbox (100.50803pt too wide) detected at line 155
  [] [][][][][] [][][] [][][][][][] [][][] [][][][][][][][][][][] [][][] []  
 []




Overfull \hbox (100.50803pt too wide) has occurred while \output is active
  [] [][][][][] [][][] [][][][][][] [][][] [][][][][][][][][][][] [][][] []  
 []

[17

]
Overfull \hbox (100.50803pt too wide) detected at line 157
  [] [][][][][] [][][] [][][][][][] [][][] [][][][][][][][][][][] [][][] []  
 []

(./PresTesis.toc)


Overfull \hbox (100.50803pt too wide) has occurred while \output is active
  [] [][][][][] [][][] [][][][][][] [][][] [][][][][][][][][][][] [][][] []  
 []

[18

]
Overfull \hbox (100.50803pt too wide) detected at line 158
  [] [][][][][] [][][] [][][][][][] [][][] [][][][][][][][][][][] [][][] []  
 []

(./PresTesis.toc)


Overfull \hbox (100.50803pt too wide) has occurred while \output is active
  [] [][][][][] [][][] [][][][][][] [][][] [][][][][][][][][][][] [][][] []  
 []

[19

]
Overfull \hbox (100.50803pt too wide) detected at line 164
  [] [][][][][] [][][] [][][][][][] [][][] [][][][][][][][][][][] [][][] []  
 []


Package amsmath Warning: Foreign command \over;
(amsmath)                \frac or \genfrac should be used instead
(amsmath)                 on input line 164.




Overfull \hbox (100.50803pt too wide) has occurred while \output is active
  [] [][][][][] [][][] [][][][][][] [][][] [][][][][][][][][][][] [][][] []  
 []

[20

]
Overfull \hbox (100.50803pt too wide) detected at line 176
  [] [][][][][] [][][] [][][][][][] [][][] [][][][][][][][][][][] [][][] []  
 []




Overfull \hbox (100.50803pt too wide) has occurred while \output is active
  [] [][][][][] [][][] [][][][][][] [][][] [][][][][][][][][][][] [][][] []  
 []

[21

]
Overfull \hbox (100.50803pt too wide) detected at line 190
  [] [][][][][] [][][] [][][][][][] [][][] [][][][][][][][][][][] [][][] []  
 []




Overfull \hbox (100.50803pt too wide) has occurred while \output is active
  [] [][][][][] [][][] [][][][][][] [][][] [][][][][][][][][][][] [][][] []  
 []

[22

]
Overfull \hbox (100.50803pt too wide) detected at line 198
  [] [][][][][] [][][] [][][][][][] [][][] [][][][][][][][][][][] [][][] []  
 []




Overfull \hbox (100.50803pt too wide) has occurred while \output is active
  [] [][][][][] [][][] [][][][][][] [][][] [][][][][][][][][][][] [][][] []  
 []

[23

]
Overfull \hbox (100.50803pt too wide) detected at line 207
  [] [][][][][] [][][] [][][][][][] [][][] [][][][][][][][][][][] [][][] []  
 []

<.//Pics//porepressure.png, id=2551, 511.9125pt x 207.77625pt>
File: .//Pics//porepressure.png Graphic file (type png)
<use .//Pics//porepressure.png>
Package pdftex.def Info: .//Pics//porepressure.png  used on input line 207.
(pdftex.def)             Requested size: 284.5288pt x 115.4852pt.



Overfull \hbox (100.50803pt too wide) has occurred while \output is active
  [] [][][][][] [][][] [][][][][][] [][][] [][][][][][][][][][][] [][][] []  
 []

[24

 <.//Pics//porepressure.png>]
Overfull \hbox (100.50803pt too wide) detected at line 219
  [] [][][][][] [][][] [][][][][][] [][][] [][][][][][][][][][][] [][][] []  
 []




Overfull \hbox (100.50803pt too wide) has occurred while \output is active
  [] [][][][][] [][][] [][][][][][] [][][] [][][][][][][][][][][] [][][] []  
 []

[25

]
Overfull \hbox (100.50803pt too wide) detected at line 228
  [] [][][][][] [][][] [][][][][][] [][][] [][][][][][][][][][][] [][][] []  
 []

<.//Pics//exner.jpg, id=2742, 187.1793pt x 115.34293pt>
File: .//Pics//exner.jpg Graphic file (type jpg)
<use .//Pics//exner.jpg>
Package pdftex.def Info: .//Pics//exner.jpg  used on input line 228.
(pdftex.def)             Requested size: 277.07245pt x 170.7365pt.



Overfull \hbox (100.50803pt too wide) has occurred while \output is active
  [] [][][][][] [][][] [][][][][][] [][][] [][][][][][][][][][][] [][][] []  
 []

[26

 <.//Pics//exner.jpg>]
Overfull \hbox (100.50803pt too wide) detected at line 244
  [] [][][][][] [][][] [][][][][][] [][][] [][][][][][][][][][][] [][][] []  
 []




Overfull \hbox (100.50803pt too wide) has occurred while \output is active
  [] [][][][][] [][][] [][][][][][] [][][] [][][][][][][][][][][] [][][] []  
 []

[27

]
Overfull \hbox (100.50803pt too wide) detected at line 250
  [] [][][][][] [][][] [][][][][][] [][][] [][][][][][][][][][][] [][][] []  
 []

(./PresTesis.toc)


Overfull \hbox (100.50803pt too wide) has occurred while \output is active
  [] [][][][][] [][][] [][][][][][] [][][] [][][][][][][][][][][] [][][] []  
 []

[28

]
Overfull \hbox (100.50803pt too wide) detected at line 256
  [] [][][][][] [][][] [][][][][][] [][][] [][][][][][][][][][][] [][][] []  
 []




Overfull \hbox (100.50803pt too wide) has occurred while \output is active
  [] [][][][][] [][][] [][][][][][] [][][] [][][][][][][][][][][] [][][] []  
 []

[29

]
Overfull \hbox (100.50803pt too wide) detected at line 265
  [] [][][][][] [][][] [][][][][][] [][][] [][][][][][][][][][][] [][][] []  
 []

(./PresTesis.bbl)


Overfull \hbox (100.50803pt too wide) has occurred while \output is active
  [] [][][][][] [][][] [][][][][][] [][][] [][][][][][][][][][][] [][][] []  
 []

[30

]


Overfull \hbox (100.50803pt too wide) has occurred while \output is active
  [] [][][][][] [][][] [][][][][][] [][][] [][][][][][][][][][][] [][][] []  
 []

[31


]
\tf@nav=\write6
\openout6 = `PresTesis.nav'.

\tf@toc=\write7
\openout7 = `PresTesis.toc'.

\tf@snm=\write8
\openout8 = `PresTesis.snm'.

 (./PresTesis.aux)
 ***********
LaTeX2e <2024-11-01> patch level 2
L3 programming layer <2025-01-18>
 ***********
Package rerunfilecheck Info: File `PresTesis.out' has not changed.
(rerunfilecheck)             Checksum: C8383827732A9C7C9C687E9872F1AD70;1282.
 ) 
Here is how much of TeX's memory you used:
 32561 strings out of 475171
 644323 string characters out of 5767094
 1057232 words of memory out of 5000000
 54846 multiletter control sequences out of 15000+600000
 572183 words of font info for 72 fonts, out of 8000000 for 9000
 14 hyphenation exceptions out of 8191
 128i,20n,123p,448b,830s stack positions out of 10000i,1000n,20000p,200000b,200000s
</usr/share/texmf-dist/fonts/type1/public/amsfonts/cm/cmbx10.pfb></usr/share/texmf-dist/fonts/type1/public/amsfonts/cm/cmbx8.pfb></usr/share/texmf-dist/fonts/type1/public/amsfonts/cm/cmex10.pfb></usr/share/texmf-dist/fonts/type1/public/amsfonts/cm/cmmi10.pfb></usr/share/texmf-dist/fonts/type1/public/amsfonts/cm/cmmi8.pfb></usr/share/texmf-dist/fonts/type1/public/amsfonts/cm/cmr10.pfb></usr/share/texmf-dist/fonts/type1/public/amsfonts/cm/cmr8.pfb></usr/share/texmf-dist/fonts/type1/public/amsfonts/cm/cmsy10.pfb></usr/share/texmf-dist/fonts/type1/public/amsfonts/cm/cmsy8.pfb></usr/share/texmf-dist/fonts/type1/public/cm-super/sfsi1095.pfb></usr/share/texmf-dist/fonts/type1/public/cm-super/sfss0600.pfb></usr/share/texmf-dist/fonts/type1/public/cm-super/sfss0800.pfb></usr/share/texmf-dist/fonts/type1/public/cm-super/sfss1000.pfb></usr/share/texmf-dist/fonts/type1/public/cm-super/sfss1095.pfb></usr/share/texmf-dist/fonts/type1/public/cm-super/sfss1200.pfb></usr/share/texmf-dist/fonts/type1/public/cm-super/sfss1440.pfb></usr/share/texmf-dist/fonts/type1/public/cm-super/sftt1095.pfb>
Output written on PresTesis.pdf (31 pages, 5413872 bytes).
PDF statistics:
 3334 PDF objects out of 3580 (max. 8388607)
 2114 compressed objects within 22 object streams
 78 named destinations out of 1000 (max. 500000)
 744 words of extra memory for PDF output out of 10000 (max. 10000000)

